#
# A fatal error has been detected by the Java Runtime Environment:
#
#  EXCEPTION_ACCESS_VIOLATION (0xc0000005) at pc=0x0000000074eae5ca, pid=4712, tid=4816
#
# JRE version: 6.0_17-b04
# Java VM: Java HotSpot(TM) 64-Bit Server VM (14.3-b01 mixed mode windows-amd64 )
# Problematic frame:
# C  [m_dispatcher.dll+0x2e5ca]
#
# If you would like to submit a bug report, please visit:
#   http://java.sun.com/webapps/bugreport/crash.jsp
# The crash happened outside the Java Virtual Machine in native code.
# See problematic frame for where to report the bug.
#

---------------  T H R E A D  ---------------

Current thread (0x000000000665e800):  JavaThread "main" [_thread_in_native, id=4816, stack(0x0000000000030000,0x0000000004030000)]

siginfo: ExceptionCode=0xc0000005, reading address 0xffffffffffffffff

Registers:
EAX=0x0000000000000000, EBX=0x0000000000000000, ECX=0xffffffffffffffff, EDX=0x0000000000000005
ESP=0x00000000040270f0, EBP=0x0000000004027410, ESI=0x0000000000577819, EDI=0x1000605643f24c88
EIP=0x0000000074eae5ca, EFLAGS=0x0000000000010286

Top of Stack: (sp=0x00000000040270f0)
0x00000000040270f0:   00000000065502b8 00000000770d3448
0x0000000004027100:   0000000000000004 0000000000000032
0x0000000004027110:   0000000000000001 00000000726c20da
0x0000000004027120:   0000000000000005 00000000770d3448
0x0000000004027130:   0000000000000004 0000000000000018
0x0000000004027140:   fffffffffffffffe 00000000726c20fb
0x0000000004027150:   0000000000000000 0000000006550000
0x0000000004027160:   0000000000000000 00000000770b41c8
0x0000000004027170:   0000000004028540 000000007270126d
0x0000000004027180:   0000000000000000 000000000ff02788
0x0000000004027190:   00000000770d11f5 00000000770a9b6e
0x00000000040271a0:   0000000000000000 0000000000000000
0x00000000040271b0:   00000000040272f0 0000000004028050
0x00000000040271c0:   0000000005d6f9d6 0000000004029ee0
0x00000000040271d0:   0000000004028050 00000000726ff66b
0x00000000040271e0:   00000000040272f0 00000000040273e0 

Instructions: (pc=0x0000000074eae5ca)
0x0000000074eae5ba:   cc cc cc cc cc cc 33 c0 48 83 c9 ff 4b 8b 3c ee
0x0000000074eae5ca:   f2 ae 48 f7 d1 48 ff c9 48 89 4c 24 20 48 8d 54 


Stack: [0x0000000000030000,0x0000000004030000],  sp=0x00000000040270f0,  free space=65500k
Native frames: (J=compiled Java code, j=interpreted, Vv=VM code, C=native code)
C  [m_dispatcher.dll+0x2e5ca]

Java frames: (J=compiled Java code, j=interpreted, Vv=VM code)
j  com.mathworks.jmi.NativeMatlab.SendMatlabMessage(Ljava/lang/Object;)Ljava/lang/Object;+0
j  com.mathworks.jmi.NativeMatlab.sendMatlabMessage(Ljava/lang/Object;)Ljava/lang/Object;+22
j  com.mathworks.jmi.MatlabLooper.sendMatlabMessage(Lcom/mathworks/services/message/MWMessage;)Ljava/lang/Object;+20
j  com.mathworks.jmi.Matlab.mtFevalConsoleOutput(Ljava/lang/String;[Ljava/lang/Object;I)Ljava/lang/Object;+58
j  com.mathworks.mde.desk.MLDesktop$8.run()V+14
j  com.mathworks.jmi.NativeMatlab.dispatchMTRequests(Z)V+57
v  ~StubRoutines::call_stub

---------------  P R O C E S S  ---------------

Java Threads: ( => current thread )
  0x0000000064fbe000 JavaThread "Timer-1" daemon [_thread_blocked, id=2488, stack(0x0000000104000000,0x0000000108000000)]
  0x0000000064fbf800 JavaThread "com.jniwrapper.NativeResourceCollector" daemon [_thread_blocked, id=4648, stack(0x00000000f8000000,0x00000000fc000000)]
  0x0000000064fbb800 JavaThread "ClipboardMonitor Timer" daemon [_thread_blocked, id=1960, stack(0x00000000e8000000,0x00000000ec000000)]
  0x0000000064fbb000 JavaThread "Explorer NavigationContext request queue" daemon [_thread_blocked, id=1980, stack(0x00000000e4000000,0x00000000e8000000)]
  0x0000000064fb9800 JavaThread "AddressBar directory emptiness poller" daemon [_thread_blocked, id=1804, stack(0x00000000dc000000,0x00000000e0000000)]
  0x0000000064fb9000 JavaThread "Explorer Refresh Service 2070623242" daemon [_thread_blocked, id=5888, stack(0x00000000d8000000,0x00000000dc000000)]
  0x0000000064fb8000 JavaThread "Thread-4" daemon [_thread_blocked, id=1268, stack(0x00000000d0000000,0x00000000d4000000)]
  0x0000000064fb5000 JavaThread "TimerQueue" daemon [_thread_blocked, id=4196, stack(0x00000000c0000000,0x00000000c4000000)]
  0x0000000064fb4800 JavaThread "Thread-3" daemon [_thread_blocked, id=3156, stack(0x00000000b0000000,0x00000000b4000000)]
  0x0000000064fb3800 JavaThread "AWT-EventQueue-0" [_thread_blocked, id=4888, stack(0x00000000ac000000,0x00000000b0000000)]
  0x0000000064fb3000 JavaThread "AWT-Shutdown" [_thread_blocked, id=4356, stack(0x000000009c000000,0x00000000a0000000)]
  0x0000000064fb2800 JavaThread "FelixPackageAdmin" daemon [_thread_blocked, id=4332, stack(0x00000000bc000000,0x00000000c0000000)]
  0x0000000064d3e800 JavaThread "FelixStartLevel" daemon [_thread_blocked, id=320, stack(0x00000000b8000000,0x00000000bc000000)]
  0x0000000064fe1800 JavaThread "FelixDispatchQueue" daemon [_thread_blocked, id=5424, stack(0x00000000b4000000,0x00000000b8000000)]
  0x0000000064c1d800 JavaThread "com.google.common.base.internal.Finalizer" daemon [_thread_blocked, id=5152, stack(0x00000000a8000000,0x00000000ac000000)]
  0x0000000064bcb800 JavaThread "AWT-Windows" daemon [_thread_in_native, id=5640, stack(0x00000000a0000000,0x00000000a4000000)]
  0x0000000064bca000 JavaThread "Java2D Disposer" daemon [_thread_blocked, id=4968, stack(0x0000000098000000,0x000000009c000000)]
  0x0000000063dec000 JavaThread "Timer-0" [_thread_blocked, id=5788, stack(0x0000000094000000,0x0000000098000000)]
  0x000000006403e800 JavaThread "EventMgr Dispatcher" daemon [_thread_in_native, id=4264, stack(0x0000000090000000,0x0000000094000000)]
  0x000000005337e800 JavaThread "Low Memory Detector" daemon [_thread_blocked, id=6128, stack(0x0000000088000000,0x000000008c000000)]
  0x0000000053379000 JavaThread "CompilerThread1" daemon [_thread_blocked, id=3148, stack(0x0000000084000000,0x0000000088000000)]
  0x000000005336b000 JavaThread "CompilerThread0" daemon [_thread_blocked, id=4328, stack(0x0000000080000000,0x0000000084000000)]
  0x000000005336a000 JavaThread "Attach Listener" daemon [_thread_blocked, id=5856, stack(0x000000005f460000,0x0000000063460000)]
  0x0000000053306800 JavaThread "Finalizer" daemon [_thread_blocked, id=4948, stack(0x000000005b460000,0x000000005f460000)]
  0x0000000053305800 JavaThread "Reference Handler" daemon [_thread_blocked, id=5992, stack(0x0000000057460000,0x000000005b460000)]
=>0x000000000665e800 JavaThread "main" [_thread_in_native, id=4816, stack(0x0000000000030000,0x0000000004030000)]

Other Threads:
  0x0000000053302800 VMThread [stack: 0x0000000053460000,0x0000000057460000] [id=1784]
  0x00000000533c3800 WatcherThread [stack: 0x000000008c000000,0x0000000090000000] [id=4492]

VM state:not at safepoint (normal execution)

VM Mutex/Monitor currently owned by a thread: None

Heap
 PSYoungGen      total 35648K, used 10433K [0x0000000040070000, 0x0000000042c50000, 0x0000000043170000)
  eden space 28544K, 19% used [0x0000000040070000,0x00000000405d9c00,0x0000000041c50000)
  from space 7104K, 68% used [0x0000000042560000,0x0000000042a26a70,0x0000000042c50000)
  to   space 8192K, 0% used [0x0000000041c50000,0x0000000041c50000,0x0000000042450000)
 PSOldGen        total 62208K, used 43252K [0x0000000036d70000, 0x000000003aa30000, 0x0000000040070000)
  object space 62208K, 69% used [0x0000000036d70000,0x00000000397ad040,0x000000003aa30000)
 PSPermGen       total 88000K, used 67370K [0x000000002ed70000, 0x0000000034360000, 0x0000000036d70000)
  object space 88000K, 76% used [0x000000002ed70000,0x0000000032f3aa68,0x0000000034360000)

Dynamic libraries:
0x0000000140000000 - 0x0000000140028000 	C:\Program Files\MATLAB\R2013a\bin\win64\MATLAB.exe
0x0000000077080000 - 0x0000000077229000 	C:\Windows\SYSTEM32\ntdll.dll
0x0000000076e60000 - 0x0000000076f7f000 	C:\Windows\system32\kernel32.dll
0x000007fefd1e0000 - 0x000007fefd24b000 	C:\Windows\system32\KERNELBASE.dll
0x0000000074460000 - 0x0000000074515000 	C:\Program Files\MATLAB\R2013a\bin\win64\libut.dll
0x00000000758a0000 - 0x000000007595f000 	C:\Program Files\MATLAB\R2013a\bin\win64\libmwi18n.dll
0x0000000180000000 - 0x000000018000d000 	C:\Program Files\MATLAB\R2013a\bin\win64\libmwresource_core.dll
0x000000006e170000 - 0x000000006e208000 	C:\Program Files\MATLAB\R2013a\bin\win64\MSVCP100.dll
0x00000000726a0000 - 0x0000000072772000 	C:\Program Files\MATLAB\R2013a\bin\win64\MSVCR100.dll
0x0000000072c40000 - 0x0000000072c4e000 	C:\Program Files\MATLAB\R2013a\bin\win64\boost_date_time-vc100-mt-1_49.dll
0x0000000072800000 - 0x000000007282c000 	C:\Program Files\MATLAB\R2013a\bin\win64\boost_filesystem-vc100-mt-1_49.dll
0x00000000741c0000 - 0x00000000741c9000 	C:\Program Files\MATLAB\R2013a\bin\win64\boost_system-vc100-mt-1_49.dll
0x000007fefd260000 - 0x000007fefd33b000 	C:\Windows\system32\ADVAPI32.dll
0x000007fefeb20000 - 0x000007fefebbf000 	C:\Windows\system32\msvcrt.dll
0x000007fefef90000 - 0x000007fefefaf000 	C:\Windows\SYSTEM32\sechost.dll
0x000007fefebe0000 - 0x000007fefed0d000 	C:\Windows\system32\RPCRT4.dll
0x0000000072830000 - 0x0000000072855000 	C:\Program Files\MATLAB\R2013a\bin\win64\LIBEXPAT.dll
0x000000006df10000 - 0x000000006e09a000 	C:\Program Files\MATLAB\R2013a\bin\win64\icuin49.dll
0x000000006dbb0000 - 0x000000006dcee000 	C:\Program Files\MATLAB\R2013a\bin\win64\icuuc49.dll
0x00000000653d0000 - 0x00000000664f2000 	C:\Program Files\MATLAB\R2013a\bin\win64\icudt49.dll
0x00000000727e0000 - 0x00000000727f0000 	C:\Program Files\MATLAB\R2013a\bin\win64\icuio49.dll
0x0000000073f70000 - 0x0000000074112000 	C:\Program Files\MATLAB\R2013a\bin\win64\libmwfl.dll
0x000000007a350000 - 0x000000007a737000 	C:\Program Files\MATLAB\R2013a\bin\win64\libmwMATLAB_res.dll
0x000000006d950000 - 0x000000006da2f000 	C:\Program Files\MATLAB\R2013a\bin\win64\boost_regex-vc100-mt-1_49.dll
0x0000000076f80000 - 0x000000007707a000 	C:\Windows\system32\USER32.dll
0x000007fefef20000 - 0x000007fefef87000 	C:\Windows\system32\GDI32.dll
0x000007fefe8d0000 - 0x000007fefe8de000 	C:\Windows\system32\LPK.dll
0x000007fefefb0000 - 0x000007feff079000 	C:\Windows\system32\USP10.dll
0x00000000704d0000 - 0x00000000704e1000 	C:\Program Files\MATLAB\R2013a\bin\win64\boost_signals-vc100-mt-1_49.dll
0x000000006edc0000 - 0x000000006edd1000 	C:\Program Files\MATLAB\R2013a\bin\win64\boost_thread-vc100-mt-1_49.dll
0x000007fef0250000 - 0x000007fef02dc000 	C:\Program Files\MATLAB\R2013a\bin\win64\boost_log-vc100-mt-1_49.dll
0x0000000077240000 - 0x0000000077247000 	C:\Windows\system32\PSAPI.DLL
0x000007feff260000 - 0x000007feff2ad000 	C:\Windows\system32\WS2_32.dll
0x000007fefe8c0000 - 0x000007fefe8c8000 	C:\Windows\system32\NSI.dll
0x000007fef0960000 - 0x000007fef0993000 	C:\Program Files\MATLAB\R2013a\bin\win64\tbb.dll
0x000007fefebc0000 - 0x000007fefebd9000 	C:\Windows\system32\imagehlp.dll
0x000007fefb330000 - 0x000007fefb35c000 	C:\Windows\system32\POWRPROF.dll
0x000007feff080000 - 0x000007feff257000 	C:\Windows\system32\SETUPAPI.dll
0x000007fefd010000 - 0x000007fefd046000 	C:\Windows\system32\CFGMGR32.dll
0x000007fefd5f0000 - 0x000007fefd6c7000 	C:\Windows\system32\OLEAUT32.dll
0x000007fefed10000 - 0x000007fefef13000 	C:\Windows\system32\ole32.dll
0x000007fefcf20000 - 0x000007fefcf3a000 	C:\Windows\system32\DEVOBJ.dll
0x0000000004110000 - 0x0000000004131000 	C:\Program Files\MATLAB\R2013a\bin\win64\libmwmfl_scalar.dll
0x000007fee5160000 - 0x000007fee5285000 	C:\Windows\system32\dbghelp.dll
0x00000000042e0000 - 0x000000000460f000 	C:\Program Files\MATLAB\R2013a\bin\win64\libmwservices.dll
0x0000000075a20000 - 0x0000000075b0b000 	C:\Program Files\MATLAB\R2013a\bin\win64\libmx.dll
0x000007fef91d0000 - 0x000007fef91f8000 	C:\Program Files\MATLAB\R2013a\bin\win64\tbbmalloc.dll
0x000000006e260000 - 0x000000006e277000 	C:\Program Files\MATLAB\R2013a\bin\win64\zlib1.dll
0x0000000004140000 - 0x000000000418e000 	C:\Program Files\MATLAB\R2013a\bin\win64\libmwregexp.dll
0x0000000075f10000 - 0x0000000075f57000 	C:\Program Files\MATLAB\R2013a\bin\win64\mpath.dll
0x000000007b680000 - 0x000000007bc66000 	C:\Program Files\MATLAB\R2013a\bin\win64\mlutil.dll
0x00000000754d0000 - 0x0000000075547000 	C:\Program Files\MATLAB\R2013a\bin\win64\xmlcore.dll
0x000000006ca50000 - 0x000000006cc91000 	C:\Program Files\MATLAB\R2013a\bin\win64\xerces-c_2_7.dll
0x00000000041a0000 - 0x00000000041c2000 	C:\Program Files\MATLAB\R2013a\bin\win64\libmwMATLAB_settings_res.dll
0x000007fefa0e0000 - 0x000007fefa0f0000 	C:\Program Files\MATLAB\R2013a\bin\win64\boost_iostreams-vc100-mt-1_49.dll
0x000007fef0200000 - 0x000007fef0246000 	C:\Program Files\MATLAB\R2013a\bin\win64\boost_serialization-vc100-mt-1_49.dll
0x000007fefdb30000 - 0x000007fefe8b8000 	C:\Windows\system32\SHELL32.dll
0x000007feff310000 - 0x000007feff381000 	C:\Windows\system32\SHLWAPI.dll
0x00000000041d0000 - 0x00000000041d6000 	C:\Program Files\MATLAB\R2013a\bin\win64\libmwnativedisplay.dll
0x000007fef8490000 - 0x000007fef8530000 	C:\Windows\WinSxS\amd64_microsoft.windows.common-controls_6595b64144ccf1df_5.82.7601.18201_none_a4d3b9377117c3df\COMCTL32.dll
0x000007fefd770000 - 0x000007fefd807000 	C:\Windows\system32\COMDLG32.dll
0x000007fefa050000 - 0x000007fefa066000 	C:\Windows\system32\NETAPI32.dll
0x000007fefa040000 - 0x000007fefa04c000 	C:\Windows\system32\netutils.dll
0x000007fefcbb0000 - 0x000007fefcbd3000 	C:\Windows\system32\srvcli.dll
0x000007fefa010000 - 0x000007fefa025000 	C:\Windows\system32\wkscli.dll
0x0000000074970000 - 0x0000000074a18000 	C:\Program Files\MATLAB\R2013a\bin\win64\mcr.dll
0x0000000075000000 - 0x00000000753b1000 	C:\Program Files\MATLAB\R2013a\bin\win64\iqm.dll
0x0000000074e80000 - 0x0000000074f30000 	C:\Program Files\MATLAB\R2013a\bin\win64\m_dispatcher.dll
0x0000000004610000 - 0x0000000004e18000 	C:\Program Files\MATLAB\R2013a\bin\win64\m_interpreter.dll
0x0000000004e20000 - 0x0000000004e44000 	C:\Program Files\MATLAB\R2013a\bin\win64\libmex.dll
0x0000000075430000 - 0x00000000754ab000 	C:\Program Files\MATLAB\R2013a\bin\win64\profiler.dll
0x0000000004e50000 - 0x00000000050d3000 	C:\Program Files\MATLAB\R2013a\bin\win64\libmwmathutil.dll
0x0000000079f40000 - 0x0000000079f66000 	C:\Program Files\MATLAB\R2013a\bin\win64\libmwmathrng.dll
0x00000000050e0000 - 0x00000000050f0000 	C:\Program Files\MATLAB\R2013a\bin\win64\libmwmfl_rng.dll
0x0000000074c10000 - 0x0000000074cf8000 	C:\Program Files\MATLAB\R2013a\bin\win64\libmwmathcore.dll
0x0000000076160000 - 0x00000000761c3000 	C:\Program Files\MATLAB\R2013a\bin\win64\libmwspmatrix.dll
0x000000007b0a0000 - 0x000000007b2f6000 	C:\Program Files\MATLAB\R2013a\bin\win64\mcos.dll
0x0000000075ea0000 - 0x0000000075f02000 	C:\Program Files\MATLAB\R2013a\bin\win64\libmwcholmod.dll
0x0000000005100000 - 0x000000000510d000 	C:\Program Files\MATLAB\R2013a\bin\win64\libmwamd.dll
0x00000000722f0000 - 0x0000000072393000 	C:\Windows\WinSxS\amd64_microsoft.vc90.crt_1fc8b3b9a1e18e3b_9.0.30729.6161_none_08e61857a83bc251\MSVCR90.dll
0x0000000005120000 - 0x000000000512c000 	C:\Program Files\MATLAB\R2013a\bin\win64\libmwcolamd.dll
0x000000007a290000 - 0x000000007a2a3000 	C:\Program Files\MATLAB\R2013a\bin\win64\libmwblas.dll
0x000000007a310000 - 0x000000007a325000 	C:\Program Files\MATLAB\R2013a\bin\win64\libmwbinder.dll
0x0000000005140000 - 0x000000000514b000 	C:\Program Files\MATLAB\R2013a\bin\win64\libmwompwrapper.dll
0x0000000075820000 - 0x000000007589e000 	C:\Program Files\MATLAB\R2013a\bin\win64\libmwlapack.dll
0x000000007a1b0000 - 0x000000007a1d0000 	C:\Program Files\MATLAB\R2013a\bin\win64\m_pcodeio.dll
0x0000000079b10000 - 0x0000000079b6c000 	C:\Program Files\MATLAB\R2013a\bin\win64\m_ir.dll
0x0000000078ed0000 - 0x0000000079579000 	C:\Program Files\MATLAB\R2013a\bin\win64\m_parser.dll
0x000000007a2f0000 - 0x000000007a307000 	C:\Program Files\MATLAB\R2013a\bin\win64\ir_xfmr.dll
0x0000000005150000 - 0x0000000005160000 	C:\Program Files\MATLAB\R2013a\bin\win64\mtok.dll
0x000000007a130000 - 0x000000007a158000 	C:\Program Files\MATLAB\R2013a\bin\win64\m_pcodegen.dll
0x0000000079fb0000 - 0x0000000079fdf000 	C:\Program Files\MATLAB\R2013a\bin\win64\libmwbridge.dll
0x0000000074f40000 - 0x0000000074ff6000 	C:\Program Files\MATLAB\R2013a\bin\win64\udd.dll
0x0000000073cc0000 - 0x0000000073e0e000 	C:\Program Files\MATLAB\R2013a\bin\win64\libmwgui.dll
0x000000007a1d0000 - 0x000000007a1f4000 	C:\Program Files\MATLAB\R2013a\bin\win64\graphics_util.dll
0x000007fef0140000 - 0x000007fef01f8000 	C:\Program Files\MATLAB\R2013a\bin\win64\libtex_base.dll
0x0000000005160000 - 0x0000000005aa3000 	C:\Program Files\MATLAB\R2013a\bin\win64\hg.dll
0x0000000076100000 - 0x000000007615a000 	C:\Program Files\MATLAB\R2013a\bin\win64\libmat.dll
0x0000000072d30000 - 0x0000000072f38000 	C:\Program Files\MATLAB\R2013a\bin\win64\hdf5dll.dll
0x0000000075710000 - 0x00000000757d8000 	C:\Program Files\MATLAB\R2013a\bin\win64\jmi.dll
0x0000000005ac0000 - 0x0000000005ace000 	C:\Program Files\MATLAB\R2013a\bin\win64\nativejava_services.dll
0x0000000005ad0000 - 0x0000000005b10000 	C:\Program Files\MATLAB\R2013a\bin\win64\libmwhardcopy.dll
0x0000000075c70000 - 0x0000000075cce000 	C:\Program Files\MATLAB\R2013a\bin\win64\libuij.dll
0x0000000072f50000 - 0x000000007318f000 	C:\Program Files\MATLAB\R2013a\bin\win64\hgdatatypes.dll
0x0000000005b10000 - 0x0000000005bfb000 	C:\Program Files\MATLAB\R2013a\bin\win64\hgutils.dll
0x0000000005c00000 - 0x0000000005cae000 	C:\Program Files\MATLAB\R2013a\bin\win64\udd_mi.dll
0x0000000005cb0000 - 0x0000000005ce6000 	C:\Program Files\MATLAB\R2013a\bin\win64\libmwgbtutils.dll
0x0000000005cf0000 - 0x0000000005d04000 	C:\Program Files\MATLAB\R2013a\bin\win64\libmwgbt.dll
0x0000000005d10000 - 0x0000000005fde000 	C:\Program Files\MATLAB\R2013a\bin\win64\uiw.dll
0x0000000005fe0000 - 0x0000000005fe9000 	C:\Program Files\MATLAB\R2013a\bin\win64\uinone.dll
0x0000000005ff0000 - 0x0000000006016000 	C:\Program Files\MATLAB\R2013a\bin\win64\libmwnativefiledialogs.dll
0x0000000006020000 - 0x000000000602c000 	C:\Program Files\MATLAB\R2013a\bin\win64\libmwplatform_res.dll
0x000007fef5000000 - 0x000007fef5018000 	C:\Windows\system32\MPR.dll
0x0000000068d90000 - 0x00000000692ed000 	C:\Program Files\MATLAB\R2013a\bin\win64\mfc100.dll
0x000007fefa0d0000 - 0x000007fefa0d7000 	C:\Windows\system32\MSIMG32.dll
0x000007fef4bf0000 - 0x000007fef4c61000 	C:\Windows\system32\WINSPOOL.DRV
0x0000000006030000 - 0x000000000604d000 	C:\Program Files\MATLAB\R2013a\bin\win64\mwoles05.DLL
0x0000000006050000 - 0x00000000060bc000 	C:\Program Files\MATLAB\R2013a\bin\win64\comcli.dll
0x000000006e230000 - 0x000000006e25b000 	C:\Program Files\MATLAB\R2013a\bin\win64\ATL100.DLL
0x00000000060c0000 - 0x00000000060cc000 	C:\Program Files\MATLAB\R2013a\bin\win64\mlautoregister.dll
0x00000000060d0000 - 0x0000000006226000 	C:\Program Files\MATLAB\R2013a\bin\win64\mvm.dll
0x000007fefcd30000 - 0x000007fefcd87000 	C:\Windows\system32\apphelp.dll
0x000007fef0300000 - 0x000007fef0351000 	C:\Windows\AppPatch\AppPatch64\AcGenral.DLL
0x000007fefcc90000 - 0x000007fefccb5000 	C:\Windows\system32\SspiCli.dll
0x0000000006250000 - 0x0000000006253000 	C:\Windows\system32\sfc.dll
0x000007fef2620000 - 0x000007fef2630000 	C:\Windows\system32\sfc_os.DLL
0x000007fefcac0000 - 0x000007fefcade000 	C:\Windows\system32\USERENV.dll
0x000007fefce30000 - 0x000007fefce3f000 	C:\Windows\system32\profapi.dll

VM Arguments:
jvm_args: -XX:PermSize=32m -Xms64m -XX:NewRatio=3 -XX:MaxPermSize=128m -Xmx196m -XX:MaxDirectMemorySize=2147400000 -Dsun.java2d.noddraw=true -Dsun.awt.nopixfmt=true -Xshare:off -Xrs -Dsun.awt.disableMixing=true -Djava.library.path=C:\Program Files\MATLAB\R2013a\bin\win64;C:\Program Files\MATLAB\R2013a\sys\jxbrowser\win64\lib vfprintf abort 
java_command: <unknown>
Launcher Type: generic

Environment Variables:
PATH=C:\Program Files\Microsoft HPC Pack 2008\Bin\;C:\watcom-1.3\binnt;C:\watcom-1.3\binw;C:\Program Files (x86)\NVIDIA Corporation\PhysX\Common;C:\Windows\system32;C:\Windows;C:\Windows\System32\Wbem;C:\Windows\System32\WindowsPowerShell\v1.0\;C:\Program Files (x86)\Microsoft SQL Server\90\Tools\binn\;C:\Program Files (x86)\Hummingbird\Connectivity\7.11\Accessories\;C:\Program Files (x86)\Host Integration Server\system;C:\Program Files (x86)\MiKTeX 2.9\miktex\bin\;C:\Program Files\MATLAB\R2013a\runtime\win64;C:\Program Files\MATLAB\R2013a\bin
USERNAME=Administrator
OS=Windows_NT
PROCESSOR_IDENTIFIER=Intel64 Family 6 Model 37 Stepping 2, GenuineIntel



---------------  S Y S T E M  ---------------

OS: Windows 7 Build 7601 Service Pack 1

CPU:total 4 (8 cores per cpu, 2 threads per core) family 6 model 37 stepping 2, cmov, cx8, fxsr, mmx, sse, sse2, sse3, ssse3, sse4.1, sse4.2, ht

Memory: 4k page, physical 3988328k(1335116k free), swap 7974792k(4728288k free)

vm_info: Java HotSpot(TM) 64-Bit Server VM (14.3-b01) for windows-amd64 JRE (1.6.0_17-b04), built on Oct 11 2009 00:46:08 by "java_re" with MS VC++ 8.0

time: Tue Apr 08 23:09:55 2014
elapsed time: 427 seconds

